{
  "stats": {
    "suites": 1,
    "tests": 1,
    "passes": 1,
    "pending": 0,
    "failures": 0,
    "start": "2021-12-29T15:23:07.234Z",
    "end": "2021-12-29T15:23:19.078Z",
    "duration": 11844,
    "testsRegistered": 1,
    "passPercent": 100,
    "pendingPercent": 0,
    "other": 0,
    "hasOther": false,
    "skipped": 0,
    "hasSkipped": false
  },
  "results": [
    {
      "uuid": "6dd836f0-7db6-43a0-b40c-7a059255a585",
      "title": "",
      "fullFile": "cypress/integration/automation/bonds_login.feature",
      "file": "cypress/integration/automation/bonds_login.feature",
      "beforeHooks": [],
      "afterHooks": [],
      "tests": [],
      "suites": [
        {
          "uuid": "8d72c4b1-8eb7-49c0-802b-078c861e3920",
          "title": "bonds login page",
          "fullFile": "",
          "file": "",
          "beforeHooks": [],
          "afterHooks": [],
          "tests": [
            {
              "title": "Login bonds with valid credentials",
              "fullTitle": "bonds login page Login bonds with valid credentials",
              "timedOut": null,
              "duration": 7608,
              "state": "passed",
              "speed": "slow",
              "pass": true,
              "fail": false,
              "pending": false,
              "context": null,
              "code": "const state = window.testState;\nreturn cy\n  .then(() => state.onStartScenario(scenario, indexedSteps))\n  .then(() =>\n    resolveAndRunBeforeHooks.call(this, scenario.tags, state.feature.name)\n  )\n  .then(() =>\n    indexedSteps.forEach((step) =>\n      stepTest.call(this, state, step, rowData)\n    )\n  )\n  .then(() => state.onFinishScenario(scenario));",
              "err": {},
              "uuid": "9841a35b-42d3-4940-a43f-1dcfd8545958",
              "parentUUID": "8d72c4b1-8eb7-49c0-802b-078c861e3920",
              "isHook": false,
              "skipped": false
            }
          ],
          "suites": [],
          "passes": [
            "9841a35b-42d3-4940-a43f-1dcfd8545958"
          ],
          "failures": [],
          "pending": [],
          "skipped": [],
          "duration": 7608,
          "root": false,
          "rootEmpty": false,
          "_timeout": 2000
        }
      ],
      "passes": [],
      "failures": [],
      "pending": [],
      "skipped": [],
      "duration": 0,
      "root": true,
      "rootEmpty": true,
      "_timeout": 2000
    }
  ],
  "meta": {
    "mocha": {
      "version": "7.0.1"
    },
    "mochawesome": {
      "options": {
        "quiet": false,
        "reportFilename": "mochawesome",
        "saveHtml": true,
        "saveJson": true,
        "consoleReporter": "spec",
        "useInlineDiffs": false,
        "code": true
      },
      "version": "6.2.2"
    },
    "marge": {
      "options": null,
      "version": "5.2.0"
    }
  }
}