{
  "stats": {
    "suites": 1,
    "tests": 2,
    "passes": 2,
    "pending": 0,
    "failures": 0,
    "start": "2021-08-18T13:36:59.845Z",
    "end": "2021-08-18T13:37:30.647Z",
    "duration": 30802,
    "testsRegistered": 2,
    "passPercent": 100,
    "pendingPercent": 0,
    "other": 0,
    "hasOther": false,
    "skipped": 0,
    "hasSkipped": false
  },
  "results": [
    {
      "uuid": "4a11414a-6377-4ca9-9c4b-34e7659d5aa2",
      "title": "",
      "fullFile": "cypress/integration/iteaser_BDD/iteaser_login.feature",
      "file": "cypress/integration/iteaser_BDD/iteaser_login.feature",
      "beforeHooks": [],
      "afterHooks": [],
      "tests": [],
      "suites": [
        {
          "uuid": "6e8682b5-5775-4f24-a4db-349d77d43c8a",
          "title": "E2E TEST",
          "fullFile": "",
          "file": "",
          "beforeHooks": [],
          "afterHooks": [],
          "tests": [
            {
              "title": "Ecommerce delivery",
              "fullTitle": "E2E TEST Ecommerce delivery",
              "timedOut": null,
              "duration": 17697,
              "state": "passed",
              "speed": "slow",
              "pass": true,
              "fail": false,
              "pending": false,
              "context": null,
              "code": "const state = window.testState;\nreturn cy\n  .then(() => state.onStartScenario(scenario, indexedSteps))\n  .then(() =>\n    resolveAndRunBeforeHooks.call(this, scenario.tags, state.feature.name)\n  )\n  .then(() =>\n    indexedSteps.forEach((step) =>\n      stepTest.call(this, state, step, rowData)\n    )\n  )\n  .then(() => state.onFinishScenario(scenario));",
              "err": {},
              "uuid": "7c20d413-c993-4fb7-9b1b-01bb39474d6f",
              "parentUUID": "6e8682b5-5775-4f24-a4db-349d77d43c8a",
              "isHook": false,
              "skipped": false
            },
            {
              "title": "Form Filling",
              "fullTitle": "E2E TEST Form Filling",
              "timedOut": null,
              "duration": 2291,
              "state": "passed",
              "speed": "slow",
              "pass": true,
              "fail": false,
              "pending": false,
              "context": null,
              "code": "const state = window.testState;\nreturn cy\n  .then(() => state.onStartScenario(scenario, indexedSteps))\n  .then(() =>\n    resolveAndRunBeforeHooks.call(this, scenario.tags, state.feature.name)\n  )\n  .then(() =>\n    indexedSteps.forEach((step) =>\n      stepTest.call(this, state, step, rowData)\n    )\n  )\n  .then(() => state.onFinishScenario(scenario));",
              "err": {},
              "uuid": "9b165ce3-edd3-4cf4-ae39-30ed54ca10df",
              "parentUUID": "6e8682b5-5775-4f24-a4db-349d77d43c8a",
              "isHook": false,
              "skipped": false
            }
          ],
          "suites": [],
          "passes": [
            "7c20d413-c993-4fb7-9b1b-01bb39474d6f",
            "9b165ce3-edd3-4cf4-ae39-30ed54ca10df"
          ],
          "failures": [],
          "pending": [],
          "skipped": [],
          "duration": 19988,
          "root": false,
          "rootEmpty": false,
          "_timeout": 2000
        }
      ],
      "passes": [],
      "failures": [],
      "pending": [],
      "skipped": [],
      "duration": 0,
      "root": true,
      "rootEmpty": true,
      "_timeout": 2000
    }
  ],
  "meta": {
    "mocha": {
      "version": "7.0.1"
    },
    "mochawesome": {
      "options": {
        "quiet": false,
        "reportFilename": "mochawesome",
        "saveHtml": true,
        "saveJson": true,
        "consoleReporter": "spec",
        "useInlineDiffs": false,
        "code": true
      },
      "version": "6.2.2"
    },
    "marge": {
      "options": null,
      "version": "5.2.0"
    }
  }
}